#
# There is insufficient memory for the Java Runtime Environment to continue.
# Native memory allocation (mmap) failed to map 65536 bytes. Error detail: Failed to commit metaspace.
# Possible reasons:
#   The system is out of physical RAM or swap space
#   This process is running with CompressedOops enabled, and the Java Heap may be blocking the growth of the native heap
# Possible solutions:
#   Reduce memory load on the system
#   Increase physical memory or swap space
#   Check if swap backing store is full
#   Decrease Java heap size (-Xmx/-Xms)
#   Decrease Java thread stack sizes (-Xss)
#   Set larger code cache with -XX:ReservedCodeCacheSize=
#   JVM is running with Unscaled Compressed Oops mode in which the Java heap is
#     placed in the first 4GB address space. The Java Heap base address is the
#     maximum limit for the native heap growth. Please use -XX:HeapBaseMinAddress
#     to set the Java Heap base and to place the Java Heap above 4GB virtual address.
# This output file may be truncated or incomplete.
#
#  Out of Memory Error (virtualSpaceNode.cpp:112), pid=2124, tid=16376
#
# JRE version: OpenJDK Runtime Environment JBR-21.0.3+13-509.11-jcef (21.0.3+13) (build 21.0.3+13-b509.11)
# Java VM: OpenJDK 64-Bit Server VM JBR-21.0.3+13-509.11-jcef (21.0.3+13-b509.11, mixed mode, tiered, compressed oops, compressed class ptrs, g1 gc, windows-amd64)
# No core dump will be written. Minidumps are not enabled by default on client versions of Windows
#

---------------  S U M M A R Y ------------

Command Line: git4idea.http.GitAskPassApp Username for 'https://github.com': 

Host: 11th Gen Intel(R) Core(TM) i3-1115G4 @ 3.00GHz, 4 cores, 3G,  Windows 11 , 64 bit Build 22621 (10.0.22621.3958)
Time: Tue Sep 24 14:06:42 2024 Hora estándar de Argentina elapsed time: 0.588048 seconds (0d 0h 0m 0s)

---------------  T H R E A D  ---------------

Current thread (0x000001dfadda98f0):  JavaThread "main"             [_thread_in_vm, id=16376, stack(0x00000091f5300000,0x00000091f5400000) (1024K)]

Stack: [0x00000091f5300000,0x00000091f5400000]
Native frames: (J=compiled Java code, j=interpreted, Vv=VM code, C=native code)
V  [jvm.dll+0x6e02f9]
V  [jvm.dll+0x8bd383]
V  [jvm.dll+0x8bf8de]
V  [jvm.dll+0x8bffc3]
V  [jvm.dll+0x2879c6]
V  [jvm.dll+0x8b81ce]
V  [jvm.dll+0x6819a5]
V  [jvm.dll+0x1ea531]
V  [jvm.dll+0x1ea2fe]
V  [jvm.dll+0x6842b8]
V  [jvm.dll+0x6840f2]
V  [jvm.dll+0x68235e]
V  [jvm.dll+0x284096]
V  [jvm.dll+0x73700a]
V  [jvm.dll+0x737b4f]
V  [jvm.dll+0x3ce31b]
V  [jvm.dll+0x8351d6]
V  [jvm.dll+0x835074]
V  [jvm.dll+0x47c34f]
V  [jvm.dll+0x48f8c6]
C  [java.dll+0x1657]

Java frames: (J=compiled Java code, j=interpreted, Vv=VM code)
j  java.lang.ClassLoader.defineClass0(Ljava/lang/ClassLoader;Ljava/lang/Class;Ljava/lang/String;[BIILjava/security/ProtectionDomain;ZILjava/lang/Object;)Ljava/lang/Class;+0 java.base@21.0.3
j  java.lang.System$2.defineClass(Ljava/lang/ClassLoader;Ljava/lang/Class;Ljava/lang/String;[BLjava/security/ProtectionDomain;ZILjava/lang/Object;)Ljava/lang/Class;+17 java.base@21.0.3
j  java.lang.invoke.MethodHandles$Lookup$ClassDefiner.defineClass(ZLjava/lang/Object;)Ljava/lang/Class;+57 java.base@21.0.3
j  java.lang.invoke.InvokerBytecodeGenerator.loadMethod([B)Ljava/lang/invoke/MemberName;+22 java.base@21.0.3
j  java.lang.invoke.InvokerBytecodeGenerator.generateCustomizedCode(Ljava/lang/invoke/LambdaForm;Ljava/lang/invoke/MethodType;)Ljava/lang/invoke/MemberName;+30 java.base@21.0.3
j  java.lang.invoke.LambdaForm.compileToBytecode()V+69 java.base@21.0.3
j  java.lang.invoke.DirectMethodHandle.makePreparedLambdaForm(Ljava/lang/invoke/MethodType;I)Ljava/lang/invoke/LambdaForm;+750 java.base@21.0.3
j  java.lang.invoke.DirectMethodHandle.preparedLambdaForm(Ljava/lang/invoke/MethodType;I)Ljava/lang/invoke/LambdaForm;+17 java.base@21.0.3
j  java.lang.invoke.DirectMethodHandle.preparedLambdaForm(Ljava/lang/invoke/MemberName;Z)Ljava/lang/invoke/LambdaForm;+159 java.base@21.0.3
j  java.lang.invoke.DirectMethodHandle.preparedLambdaForm(Ljava/lang/invoke/MemberName;)Ljava/lang/invoke/LambdaForm;+2 java.base@21.0.3
j  java.lang.invoke.DirectMethodHandle.make(BLjava/lang/Class;Ljava/lang/invoke/MemberName;Ljava/lang/Class;)Ljava/lang/invoke/DirectMethodHandle;+163 java.base@21.0.3
j  java.lang.invoke.MethodHandles$Lookup.getDirectMethodCommon(BLjava/lang/Class;Ljava/lang/invoke/MemberName;ZZLjava/lang/invoke/MethodHandles$Lookup;)Ljava/lang/invoke/MethodHandle;+220 java.base@21.0.3
j  java.lang.invoke.MethodHandles$Lookup.getDirectMethodNoSecurityManager(BLjava/lang/Class;Ljava/lang/invoke/MemberName;Ljava/lang/invoke/MethodHandles$Lookup;)Ljava/lang/invoke/MethodHandle;+14 java.base@21.0.3
j  java.lang.invoke.MethodHandles$Lookup.getDirectMethodForConstant(BLjava/lang/Class;Ljava/lang/invoke/MemberName;)Ljava/lang/invoke/MethodHandle;+31 java.base@21.0.3
j  java.lang.invoke.MethodHandles$Lookup.linkMethodHandleConstant(BLjava/lang/Class;Ljava/lang/String;Ljava/lang/Object;)Ljava/lang/invoke/MethodHandle;+153 java.base@21.0.3
j  java.lang.invoke.MethodHandleNatives.linkMethodHandleConstant(Ljava/lang/Class;ILjava/lang/Class;Ljava/lang/String;Ljava/lang/Object;)Ljava/lang/invoke/MethodHandle;+38 java.base@21.0.3
v  ~StubRoutines::call_stub 0x000001dfb91f10e7
j  java.util.Comparator.comparing(Ljava/util/function/Function;)Ljava/util/Comparator;+6 java.base@21.0.3
j  jdk.internal.net.http.HttpConnection.<clinit>()V+35 java.net.http@21.0.3
v  ~StubRoutines::call_stub 0x000001dfb91f10e7
j  jdk.internal.net.http.HttpClientImpl.<init>(Ljdk/internal/net/http/HttpClientBuilderImpl;Ljdk/internal/net/http/HttpClientImpl$SingleFacadeFactory;)V+89 java.net.http@21.0.3
j  jdk.internal.net.http.HttpClientImpl.create(Ljdk/internal/net/http/HttpClientBuilderImpl;)Ljdk/internal/net/http/HttpClientFacade;+14 java.net.http@21.0.3
j  jdk.internal.net.http.HttpClientBuilderImpl.build()Ljava/net/http/HttpClient;+1 java.net.http@21.0.3
j  externalApp.ExternalAppUtil.sendIdeRequest(Ljava/lang/String;ILjava/lang/String;Ljava/lang/String;)LexternalApp/ExternalAppUtil$Result;+77
j  git4idea.http.GitAskPassApp.main([Ljava/lang/String;)V+37
v  ~StubRoutines::call_stub 0x000001dfb91f10e7

---------------  P R O C E S S  ---------------

Threads class SMR info:
_java_thread_list=0x000001dfc4874a50, length=11, elements={
0x000001dfadda98f0, 0x000001dfc443d980, 0x000001dfc443ef40, 0x000001dfc4711ba0,
0x000001dfc4712600, 0x000001dfc470b450, 0x000001dfc470c650, 0x000001dfc46ec080,
0x000001dfc46ec730, 0x000001dfc4894610, 0x000001dfc4898e50
}

Java Threads: ( => current thread )
=>0x000001dfadda98f0 JavaThread "main"                              [_thread_in_vm, id=16376, stack(0x00000091f5300000,0x00000091f5400000) (1024K)]
  0x000001dfc443d980 JavaThread "Reference Handler"          daemon [_thread_blocked, id=6960, stack(0x00000091f5b00000,0x00000091f5c00000) (1024K)]
  0x000001dfc443ef40 JavaThread "Finalizer"                  daemon [_thread_blocked, id=11988, stack(0x00000091f5c00000,0x00000091f5d00000) (1024K)]
  0x000001dfc4711ba0 JavaThread "Signal Dispatcher"          daemon [_thread_blocked, id=9200, stack(0x00000091f5d00000,0x00000091f5e00000) (1024K)]
  0x000001dfc4712600 JavaThread "Attach Listener"            daemon [_thread_blocked, id=16300, stack(0x00000091f5e00000,0x00000091f5f00000) (1024K)]
  0x000001dfc470b450 JavaThread "Service Thread"             daemon [_thread_blocked, id=17312, stack(0x00000091f5f00000,0x00000091f6000000) (1024K)]
  0x000001dfc470c650 JavaThread "Monitor Deflation Thread"   daemon [_thread_blocked, id=4972, stack(0x00000091f6000000,0x00000091f6100000) (1024K)]
  0x000001dfc46ec080 JavaThread "C2 CompilerThread0"         daemon [_thread_blocked, id=16560, stack(0x00000091f6100000,0x00000091f6200000) (1024K)]
  0x000001dfc46ec730 JavaThread "C1 CompilerThread0"         daemon [_thread_blocked, id=11244, stack(0x00000091f6200000,0x00000091f6300000) (1024K)]
  0x000001dfc4894610 JavaThread "Notification Thread"        daemon [_thread_blocked, id=8096, stack(0x00000091f6300000,0x00000091f6400000) (1024K)]
  0x000001dfc4898e50 JavaThread "Common-Cleaner"             daemon [_thread_blocked, id=12284, stack(0x00000091f6400000,0x00000091f6500000) (1024K)]
Total: 11

Other Threads:
  0x000001dfc43cd570 VMThread "VM Thread"                           [id=8720, stack(0x00000091f5a00000,0x00000091f5b00000) (1024K)]
  0x000001dfc439d960 WatcherThread "VM Periodic Task Thread"        [id=11796, stack(0x00000091f5900000,0x00000091f5a00000) (1024K)]
  0x000001dfadddb970 WorkerThread "GC Thread#0"                     [id=16468, stack(0x00000091f5400000,0x00000091f5500000) (1024K)]
  0x000001dfadde5930 ConcurrentGCThread "G1 Main Marker"            [id=16696, stack(0x00000091f5500000,0x00000091f5600000) (1024K)]
  0x000001dfadde6430 WorkerThread "G1 Conc#0"                       [id=12996, stack(0x00000091f5600000,0x00000091f5700000) (1024K)]
  0x000001dfade3a1b0 ConcurrentGCThread "G1 Refine#0"               [id=7944, stack(0x00000091f5700000,0x00000091f5800000) (1024K)]
  0x000001dfade3ad20 ConcurrentGCThread "G1 Service"                [id=7520, stack(0x00000091f5800000,0x00000091f5900000) (1024K)]
Total: 7

Threads with active compile tasks:
Total: 0

VM state: not at safepoint (normal execution)

VM Mutex/Monitor currently owned by a thread:  ([mutex/lock_event])
[0x00007ffc63d7f558] Metaspace_lock - owner thread: 0x000001dfadda98f0

Heap address: 0x00000000c4c00000, size: 948 MB, Compressed Oops mode: 32-bit

CDS archive(s) not mapped
Compressed class space mapped at: 0x0000000100000000-0x0000000140000000, reserved size: 1073741824
Narrow klass base: 0x0000000000000000, Narrow klass shift: 3, Narrow klass range: 0x140000000

GC Precious Log:
 CardTable entry size: 512
 Card Set container configuration: InlinePtr #cards 5 size 8 Array Of Cards #cards 12 size 40 Howl #buckets 4 coarsen threshold 1843 Howl Bitmap #cards 512 size 80 coarsen threshold 460 Card regions per heap region 1 cards per card region 2048
 CPUs: 4 total, 4 available
 Memory: 3790M
 Large Page Support: Disabled
 NUMA Support: Disabled
 Compressed Oops: Enabled (32-bit)
 Heap Region Size: 1M
 Heap Min Capacity: 8M
 Heap Initial Capacity: 60M
 Heap Max Capacity: 948M
 Pre-touch: Disabled
 Parallel Workers: 4
 Concurrent Workers: 1
 Concurrent Refinement Workers: 4
 Periodic GC: Disabled

Heap:
 garbage-first heap   total 61440K, used 5120K [0x00000000c4c00000, 0x0000000100000000)
  region size 1024K, 7 young (7168K), 0 survivors (0K)
 Metaspace       used 12056K, committed 12224K, reserved 1114112K
  class space    used 1083K, committed 1152K, reserved 1048576K

Heap Regions: E=young(eden), S=young(survivor), O=old, HS=humongous(starts), HC=humongous(continues), CS=collection set, F=free, TAMS=top-at-mark-start, PB=parsable bottom
|   0|0x00000000c4c00000, 0x00000000c4c00000, 0x00000000c4d00000|  0%| F|  |TAMS 0x00000000c4c00000| PB 0x00000000c4c00000| Untracked 
|   1|0x00000000c4d00000, 0x00000000c4d00000, 0x00000000c4e00000|  0%| F|  |TAMS 0x00000000c4d00000| PB 0x00000000c4d00000| Untracked 
|   2|0x00000000c4e00000, 0x00000000c4e00000, 0x00000000c4f00000|  0%| F|  |TAMS 0x00000000c4e00000| PB 0x00000000c4e00000| Untracked 
|   3|0x00000000c4f00000, 0x00000000c4f00000, 0x00000000c5000000|  0%| F|  |TAMS 0x00000000c4f00000| PB 0x00000000c4f00000| Untracked 
|   4|0x00000000c5000000, 0x00000000c5000000, 0x00000000c5100000|  0%| F|  |TAMS 0x00000000c5000000| PB 0x00000000c5000000| Untracked 
|   5|0x00000000c5100000, 0x00000000c5100000, 0x00000000c5200000|  0%| F|  |TAMS 0x00000000c5100000| PB 0x00000000c5100000| Untracked 
|   6|0x00000000c5200000, 0x00000000c5200000, 0x00000000c5300000|  0%| F|  |TAMS 0x00000000c5200000| PB 0x00000000c5200000| Untracked 
|   7|0x00000000c5300000, 0x00000000c5300000, 0x00000000c5400000|  0%| F|  |TAMS 0x00000000c5300000| PB 0x00000000c5300000| Untracked 
|   8|0x00000000c5400000, 0x00000000c5400000, 0x00000000c5500000|  0%| F|  |TAMS 0x00000000c5400000| PB 0x00000000c5400000| Untracked 
|   9|0x00000000c5500000, 0x00000000c5500000, 0x00000000c5600000|  0%| F|  |TAMS 0x00000000c5500000| PB 0x00000000c5500000| Untracked 
|  10|0x00000000c5600000, 0x00000000c5600000, 0x00000000c5700000|  0%| F|  |TAMS 0x00000000c5600000| PB 0x00000000c5600000| Untracked 
|  11|0x00000000c5700000, 0x00000000c5700000, 0x00000000c5800000|  0%| F|  |TAMS 0x00000000c5700000| PB 0x00000000c5700000| Untracked 
|  12|0x00000000c5800000, 0x00000000c5800000, 0x00000000c5900000|  0%| F|  |TAMS 0x00000000c5800000| PB 0x00000000c5800000| Untracked 
|  13|0x00000000c5900000, 0x00000000c5900000, 0x00000000c5a00000|  0%| F|  |TAMS 0x00000000c5900000| PB 0x00000000c5900000| Untracked 
|  14|0x00000000c5a00000, 0x00000000c5a00000, 0x00000000c5b00000|  0%| F|  |TAMS 0x00000000c5a00000| PB 0x00000000c5a00000| Untracked 
|  15|0x00000000c5b00000, 0x00000000c5b00000, 0x00000000c5c00000|  0%| F|  |TAMS 0x00000000c5b00000| PB 0x00000000c5b00000| Untracked 
|  16|0x00000000c5c00000, 0x00000000c5c00000, 0x00000000c5d00000|  0%| F|  |TAMS 0x00000000c5c00000| PB 0x00000000c5c00000| Untracked 
|  17|0x00000000c5d00000, 0x00000000c5d00000, 0x00000000c5e00000|  0%| F|  |TAMS 0x00000000c5d00000| PB 0x00000000c5d00000| Untracked 
|  18|0x00000000c5e00000, 0x00000000c5e00000, 0x00000000c5f00000|  0%| F|  |TAMS 0x00000000c5e00000| PB 0x00000000c5e00000| Untracked 
|  19|0x00000000c5f00000, 0x00000000c5f00000, 0x00000000c6000000|  0%| F|  |TAMS 0x00000000c5f00000| PB 0x00000000c5f00000| Untracked 
|  20|0x00000000c6000000, 0x00000000c6000000, 0x00000000c6100000|  0%| F|  |TAMS 0x00000000c6000000| PB 0x00000000c6000000| Untracked 
|  21|0x00000000c6100000, 0x00000000c6100000, 0x00000000c6200000|  0%| F|  |TAMS 0x00000000c6100000| PB 0x00000000c6100000| Untracked 
|  22|0x00000000c6200000, 0x00000000c6200000, 0x00000000c6300000|  0%| F|  |TAMS 0x00000000c6200000| PB 0x00000000c6200000| Untracked 
|  23|0x00000000c6300000, 0x00000000c6300000, 0x00000000c6400000|  0%| F|  |TAMS 0x00000000c6300000| PB 0x00000000c6300000| Untracked 
|  24|0x00000000c6400000, 0x00000000c6400000, 0x00000000c6500000|  0%| F|  |TAMS 0x00000000c6400000| PB 0x00000000c6400000| Untracked 
|  25|0x00000000c6500000, 0x00000000c6500000, 0x00000000c6600000|  0%| F|  |TAMS 0x00000000c6500000| PB 0x00000000c6500000| Untracked 
|  26|0x00000000c6600000, 0x00000000c6600000, 0x00000000c6700000|  0%| F|  |TAMS 0x00000000c6600000| PB 0x00000000c6600000| Untracked 
|  27|0x00000000c6700000, 0x00000000c6700000, 0x00000000c6800000|  0%| F|  |TAMS 0x00000000c6700000| PB 0x00000000c6700000| Untracked 
|  28|0x00000000c6800000, 0x00000000c6800000, 0x00000000c6900000|  0%| F|  |TAMS 0x00000000c6800000| PB 0x00000000c6800000| Untracked 
|  29|0x00000000c6900000, 0x00000000c6900000, 0x00000000c6a00000|  0%| F|  |TAMS 0x00000000c6900000| PB 0x00000000c6900000| Untracked 
|  30|0x00000000c6a00000, 0x00000000c6a00000, 0x00000000c6b00000|  0%| F|  |TAMS 0x00000000c6a00000| PB 0x00000000c6a00000| Untracked 
|  31|0x00000000c6b00000, 0x00000000c6b00000, 0x00000000c6c00000|  0%| F|  |TAMS 0x00000000c6b00000| PB 0x00000000c6b00000| Untracked 
|  32|0x00000000c6c00000, 0x00000000c6c00000, 0x00000000c6d00000|  0%| F|  |TAMS 0x00000000c6c00000| PB 0x00000000c6c00000| Untracked 
|  33|0x00000000c6d00000, 0x00000000c6d00000, 0x00000000c6e00000|  0%| F|  |TAMS 0x00000000c6d00000| PB 0x00000000c6d00000| Untracked 
|  34|0x00000000c6e00000, 0x00000000c6e00000, 0x00000000c6f00000|  0%| F|  |TAMS 0x00000000c6e00000| PB 0x00000000c6e00000| Untracked 
|  35|0x00000000c6f00000, 0x00000000c6f00000, 0x00000000c7000000|  0%| F|  |TAMS 0x00000000c6f00000| PB 0x00000000c6f00000| Untracked 
|  36|0x00000000c7000000, 0x00000000c7000000, 0x00000000c7100000|  0%| F|  |TAMS 0x00000000c7000000| PB 0x00000000c7000000| Untracked 
|  37|0x00000000c7100000, 0x00000000c7100000, 0x00000000c7200000|  0%| F|  |TAMS 0x00000000c7100000| PB 0x00000000c7100000| Untracked 
|  38|0x00000000c7200000, 0x00000000c7200000, 0x00000000c7300000|  0%| F|  |TAMS 0x00000000c7200000| PB 0x00000000c7200000| Untracked 
|  39|0x00000000c7300000, 0x00000000c7300000, 0x00000000c7400000|  0%| F|  |TAMS 0x00000000c7300000| PB 0x00000000c7300000| Untracked 
|  40|0x00000000c7400000, 0x00000000c7400000, 0x00000000c7500000|  0%| F|  |TAMS 0x00000000c7400000| PB 0x00000000c7400000| Untracked 
|  41|0x00000000c7500000, 0x00000000c7500000, 0x00000000c7600000|  0%| F|  |TAMS 0x00000000c7500000| PB 0x00000000c7500000| Untracked 
|  42|0x00000000c7600000, 0x00000000c7600000, 0x00000000c7700000|  0%| F|  |TAMS 0x00000000c7600000| PB 0x00000000c7600000| Untracked 
|  43|0x00000000c7700000, 0x00000000c7700000, 0x00000000c7800000|  0%| F|  |TAMS 0x00000000c7700000| PB 0x00000000c7700000| Untracked 
|  44|0x00000000c7800000, 0x00000000c7800000, 0x00000000c7900000|  0%| F|  |TAMS 0x00000000c7800000| PB 0x00000000c7800000| Untracked 
|  45|0x00000000c7900000, 0x00000000c7900000, 0x00000000c7a00000|  0%| F|  |TAMS 0x00000000c7900000| PB 0x00000000c7900000| Untracked 
|  46|0x00000000c7a00000, 0x00000000c7a00000, 0x00000000c7b00000|  0%| F|  |TAMS 0x00000000c7a00000| PB 0x00000000c7a00000| Untracked 
|  47|0x00000000c7b00000, 0x00000000c7b00000, 0x00000000c7c00000|  0%| F|  |TAMS 0x00000000c7b00000| PB 0x00000000c7b00000| Untracked 
|  48|0x00000000c7c00000, 0x00000000c7c00000, 0x00000000c7d00000|  0%| F|  |TAMS 0x00000000c7c00000| PB 0x00000000c7c00000| Untracked 
|  49|0x00000000c7d00000, 0x00000000c7d00000, 0x00000000c7e00000|  0%| F|  |TAMS 0x00000000c7d00000| PB 0x00000000c7d00000| Untracked 
|  50|0x00000000c7e00000, 0x00000000c7e00000, 0x00000000c7f00000|  0%| F|  |TAMS 0x00000000c7e00000| PB 0x00000000c7e00000| Untracked 
|  51|0x00000000c7f00000, 0x00000000c7f00000, 0x00000000c8000000|  0%| F|  |TAMS 0x00000000c7f00000| PB 0x00000000c7f00000| Untracked 
|  52|0x00000000c8000000, 0x00000000c8000000, 0x00000000c8100000|  0%| F|  |TAMS 0x00000000c8000000| PB 0x00000000c8000000| Untracked 
|  53|0x00000000c8100000, 0x00000000c8143110, 0x00000000c8200000| 26%| E|  |TAMS 0x00000000c8100000| PB 0x00000000c8100000| Complete 
|  54|0x00000000c8200000, 0x00000000c8300000, 0x00000000c8300000|100%| E|CS|TAMS 0x00000000c8200000| PB 0x00000000c8200000| Complete 
|  55|0x00000000c8300000, 0x00000000c8400000, 0x00000000c8400000|100%| E|  |TAMS 0x00000000c8300000| PB 0x00000000c8300000| Complete 
|  56|0x00000000c8400000, 0x00000000c8500000, 0x00000000c8500000|100%| E|CS|TAMS 0x00000000c8400000| PB 0x00000000c8400000| Complete 
|  57|0x00000000c8500000, 0x00000000c8600000, 0x00000000c8600000|100%| E|CS|TAMS 0x00000000c8500000| PB 0x00000000c8500000| Complete 
|  58|0x00000000c8600000, 0x00000000c8700000, 0x00000000c8700000|100%| E|CS|TAMS 0x00000000c8600000| PB 0x00000000c8600000| Complete 
|  59|0x00000000c8700000, 0x00000000c8800000, 0x00000000c8800000|100%| E|CS|TAMS 0x00000000c8700000| PB 0x00000000c8700000| Complete 

Card table byte_map: [0x000001dfc0ea0000,0x000001dfc1080000] _byte_map_base: 0x000001dfc087a000

Marking Bits: (CMBitMap*) 0x000001dfadddc070
 Bits: [0x000001dfc1080000, 0x000001dfc1f50000)

Polling page: 0x000001dfabd50000

Metaspace:

Usage:
  Non-class:     10.72 MB used.
      Class:      1.06 MB used.
       Both:     11.77 MB used.

Virtual space:
  Non-class space:       64.00 MB reserved,      10.81 MB ( 17%) committed,  1 nodes.
      Class space:        1.00 GB reserved,       1.12 MB ( <1%) committed,  1 nodes.
             Both:        1.06 GB reserved,      11.94 MB (  1%) committed. 

Chunk freelists:
   Non-Class:  4.62 MB
       Class:  14.69 MB
        Both:  19.32 MB

MaxMetaspaceSize: unlimited
CompressedClassSpaceSize: 1.00 GB
Initial GC threshold: 21.00 MB
Current GC threshold: 21.00 MB
CDS: off
 - commit_granule_bytes: 65536.
 - commit_granule_words: 8192.
 - virtual_space_node_default_size: 8388608.
 - enlarge_chunks_in_place: 1.
 - use_allocation_guard: 0.


Internal statistics:

num_allocs_failed_limit: 0.
num_arena_births: 118.
num_arena_deaths: 0.
num_vsnodes_births: 2.
num_vsnodes_deaths: 0.
num_space_committed: 191.
num_space_uncommitted: 0.
num_chunks_returned_to_freelist: 0.
num_chunks_taken_from_freelist: 182.
num_chunk_merges: 0.
num_chunk_splits: 106.
num_chunks_enlarged: 56.
num_inconsistent_stats: 0.

CodeHeap 'non-profiled nmethods': size=120000Kb used=184Kb max_used=184Kb free=119815Kb
 bounds [0x000001dfb9790000, 0x000001dfb9a00000, 0x000001dfc0cc0000]
CodeHeap 'profiled nmethods': size=120000Kb used=964Kb max_used=964Kb free=119035Kb
 bounds [0x000001dfb1cc0000, 0x000001dfb1f30000, 0x000001dfb91f0000]
CodeHeap 'non-nmethods': size=5760Kb used=1474Kb max_used=1488Kb free=4285Kb
 bounds [0x000001dfb91f0000, 0x000001dfb9460000, 0x000001dfb9790000]
 total_blobs=1085 nmethods=629 adapters=361
 compilation: enabled
              stopped_count=0, restarted_count=0
 full_count=0

Compilation events (20 events):
Event: 0.580 Thread 0x000001dfc46ec730  617       3       jdk.internal.jimage.ImageStringsReader::stringFromByteBufferMatches (138 bytes)
Event: 0.581 Thread 0x000001dfc46ec730 nmethod 617 0x000001dfb1dab990 code [0x000001dfb1dabc80, 0x000001dfb1dacd90]
Event: 0.581 Thread 0x000001dfc46ec730  618   !   3       java.util.zip.Inflater::finished (19 bytes)
Event: 0.581 Thread 0x000001dfc46ec730 nmethod 618 0x000001dfb1dad510 code [0x000001dfb1dad6c0, 0x000001dfb1dad8c0]
Event: 0.581 Thread 0x000001dfc46ec730  619       3       java.util.Objects::requireNonNull (15 bytes)
Event: 0.582 Thread 0x000001dfc46ec730 nmethod 619 0x000001dfb1dad990 code [0x000001dfb1dadb40, 0x000001dfb1dadd28]
Event: 0.582 Thread 0x000001dfc46ec730  620       3       java.util.Optional::<init> (10 bytes)
Event: 0.582 Thread 0x000001dfc46ec730 nmethod 620 0x000001dfb1dade10 code [0x000001dfb1dadfc0, 0x000001dfb1dae178]
Event: 0.583 Thread 0x000001dfc46ec730  621       3       jdk.internal.org.objectweb.asm.MethodWriter::visitMethodInsn (191 bytes)
Event: 0.584 Thread 0x000001dfc46ec730 nmethod 621 0x000001dfb1dae210 code [0x000001dfb1dae460, 0x000001dfb1daebc8]
Event: 0.584 Thread 0x000001dfc46ec730  624       3       java.lang.StringLatin1::indexOf (37 bytes)
Event: 0.584 Thread 0x000001dfc46ec730 nmethod 624 0x000001dfb1daef10 code [0x000001dfb1daf100, 0x000001dfb1daf4f0]
Event: 0.584 Thread 0x000001dfc46ec730  626       3       jdk.internal.org.objectweb.asm.SymbolTable::addConstantNameAndType (137 bytes)
Event: 0.585 Thread 0x000001dfc46ec730 nmethod 626 0x000001dfb1daf690 code [0x000001dfb1daf900, 0x000001dfb1db0028]
Event: 0.585 Thread 0x000001dfc46ec730  625       3       jdk.internal.org.objectweb.asm.Label::<init> (5 bytes)
Event: 0.585 Thread 0x000001dfc46ec730 nmethod 625 0x000001dfb1db0490 code [0x000001dfb1db0640, 0x000001dfb1db07a8]
Event: 0.585 Thread 0x000001dfc46ec730  627       3       jdk.internal.org.objectweb.asm.SymbolTable$Entry::<init> (20 bytes)
Event: 0.585 Thread 0x000001dfc46ec730 nmethod 627 0x000001dfb1db0890 code [0x000001dfb1db0a40, 0x000001dfb1db0b98]
Event: 0.585 Thread 0x000001dfc46ec730  622       3       jdk.internal.org.objectweb.asm.SymbolTable::addConstantMethodref (24 bytes)
Event: 0.585 Thread 0x000001dfc46ec730 nmethod 622 0x000001dfb1db0c90 code [0x000001dfb1db0e40, 0x000001dfb1db0fe8]

GC Heap History (0 events):
No events

Dll operation events (2 events):
Event: 0.016 Loaded shared library C:\Program Files\JetBrains\IntelliJ IDEA Community Edition 2024.2.1\jbr\bin\java.dll
Event: 0.027 Loaded shared library C:\Program Files\JetBrains\IntelliJ IDEA Community Edition 2024.2.1\jbr\bin\zip.dll

Deoptimization events (2 events):
Event: 0.584 Thread 0x000001dfadda98f0 DEOPT PACKING pc=0x000001dfb1cd83f8 sp=0x00000091f53fcd50
Event: 0.584 Thread 0x000001dfadda98f0 DEOPT UNPACKING pc=0x000001dfb92488e2 sp=0x00000091f53fc170 mode 0

Classes loaded (20 events):
Event: 0.556 Loading class java/lang/invoke/BoundMethodHandle$Species_LLLLL
Event: 0.556 Loading class java/lang/invoke/BoundMethodHandle$Species_LLLLL done
Event: 0.559 Loading class java/lang/invoke/MethodHandles$1
Event: 0.559 Loading class java/lang/invoke/MethodHandles$1 done
Event: 0.559 Loading class sun/invoke/util/ValueConversions$WrapperCache
Event: 0.559 Loading class sun/invoke/util/ValueConversions$WrapperCache done
Event: 0.559 Loading class java/lang/invoke/BoundMethodHandle$Species_I
Event: 0.559 Loading class java/lang/invoke/BoundMethodHandle$Species_I done
Event: 0.560 Loading class java/lang/runtime/ObjectMethods$1
Event: 0.560 Loading class java/lang/runtime/ObjectMethods$1 done
Event: 0.569 Loading class java/lang/invoke/DirectMethodHandle$1
Event: 0.569 Loading class java/lang/invoke/DirectMethodHandle$1 done
Event: 0.572 Loading class java/lang/invoke/MethodHandleImpl$CasesHolder
Event: 0.573 Loading class java/lang/invoke/MethodHandleImpl$CasesHolder done
Event: 0.573 Loading class java/lang/invoke/MethodHandleImpl$LoopClauses
Event: 0.573 Loading class java/lang/invoke/MethodHandleImpl$LoopClauses done
Event: 0.574 Loading class java/lang/invoke/MethodHandleImpl$CountingWrapper
Event: 0.574 Loading class java/lang/invoke/MethodHandleImpl$CountingWrapper done
Event: 0.576 Loading class jdk/internal/org/objectweb/asm/Edge
Event: 0.576 Loading class jdk/internal/org/objectweb/asm/Edge done

Classes unloaded (0 events):
No events

Classes redefined (0 events):
No events

Internal exceptions (20 events):
Event: 0.503 Thread 0x000001dfadda98f0 Exception <a 'java/lang/NoSuchMethodError'{0x00000000c8212770}: 'java.lang.Object java.lang.invoke.DirectMethodHandle$Holder.invokeStaticInit(java.lang.Object, java.lang.Object, int)'> (0x00000000c8212770) 
thrown [s\src\hotspot\share\interpreter\linkResolver.cpp, line 784]
Event: 0.504 Thread 0x000001dfadda98f0 Exception <a 'java/lang/NoSuchMethodError'{0x00000000c8218148}: 'java.lang.Object java.lang.invoke.DirectMethodHandle$Holder.newInvokeSpecial(java.lang.Object, java.lang.Object, int)'> (0x00000000c8218148) 
thrown [s\src\hotspot\share\interpreter\linkResolver.cpp, line 784]
Event: 0.505 Thread 0x000001dfadda98f0 Exception <a 'java/lang/NoSuchMethodError'{0x00000000c821cb20}: 'int java.lang.invoke.DirectMethodHandle$Holder.invokeStaticInit(java.lang.Object, java.lang.Object, java.lang.Object)'> (0x00000000c821cb20) 
thrown [s\src\hotspot\share\interpreter\linkResolver.cpp, line 784]
Event: 0.509 Thread 0x000001dfadda98f0 Exception <a 'java/lang/NoSuchMethodError'{0x00000000c822b280}: 'int java.lang.invoke.DirectMethodHandle$Holder.invokeSpecial(java.lang.Object, java.lang.Object, java.lang.Object)'> (0x00000000c822b280) 
thrown [s\src\hotspot\share\interpreter\linkResolver.cpp, line 784]
Event: 0.510 Thread 0x000001dfadda98f0 Exception <a 'java/lang/NoSuchMethodError'{0x00000000c8230bb8}: 'int java.lang.invoke.DirectMethodHandle$Holder.invokeStaticInit(java.lang.Object, java.lang.Object)'> (0x00000000c8230bb8) 
thrown [s\src\hotspot\share\interpreter\linkResolver.cpp, line 784]
Event: 0.511 Thread 0x000001dfadda98f0 Exception <a 'java/lang/NoSuchMethodError'{0x00000000c82363e0}: 'int java.lang.invoke.DirectMethodHandle$Holder.invokeSpecialIFC(java.lang.Object, java.lang.Object, java.lang.Object)'> (0x00000000c82363e0) 
thrown [s\src\hotspot\share\interpreter\linkResolver.cpp, line 784]
Event: 0.539 Thread 0x000001dfadda98f0 Exception <a 'java/lang/NoSuchMethodError'{0x00000000c8269570}: 'java.lang.Object java.lang.invoke.DirectMethodHandle$Holder.invokeStaticInit(java.lang.Object, java.lang.Object, java.lang.Object, java.lang.Object, java.lang.Object, java.lang.Object, java.lang.Object)'> (0x00000000c8269570) 
thrown [s\src\hotspot\share\interpreter\linkResolver.cpp, line 784]
Event: 0.541 Thread 0x000001dfadda98f0 Exception <a 'java/lang/NoSuchMethodError'{0x00000000c8272750}: 'java.lang.Object java.lang.invoke.Invokers$Holder.invoke_MT(java.lang.Object, java.lang.Object, java.lang.Object, java.lang.Object, java.lang.Object, java.lang.Object, java.lang.Object, java.lang.Object, java.lang.Object, java.lang.Object)'> (0x00000000c8272750) 
thrown [s\src\hotspot\share\interpreter\linkResolver.cpp, line 784]
Event: 0.550 Thread 0x000001dfadda98f0 Exception <a 'java/lang/NoSuchMethodError'{0x00000000c8287670}: 'void java.lang.invoke.DelegatingMethodHandle$Holder.delegate(java.lang.Object, java.lang.Object, int, java.lang.Object)'> (0x00000000c8287670) 
thrown [s\src\hotspot\share\interpreter\linkResolver.cpp, line 784]
Event: 0.561 Thread 0x000001dfadda98f0 Exception <a 'java/lang/NoSuchMethodError'{0x00000000c82a9030}: 'int java.lang.invoke.DirectMethodHandle$Holder.invokeVirtual(java.lang.Object, java.lang.Object, java.lang.Object)'> (0x00000000c82a9030) 
thrown [s\src\hotspot\share\interpreter\linkResolver.cpp, line 784]
Event: 0.561 Thread 0x000001dfadda98f0 Exception <a 'java/lang/NoSuchMethodError'{0x00000000c82ac6b0}: 'int java.lang.invoke.DirectMethodHandle$Holder.invokeVirtual(java.lang.Object, java.lang.Object)'> (0x00000000c82ac6b0) 
thrown [s\src\hotspot\share\interpreter\linkResolver.cpp, line 784]
Event: 0.562 Thread 0x000001dfadda98f0 Exception <a 'java/lang/NoSuchMethodError'{0x00000000c82b0918}: 'int java.lang.invoke.DirectMethodHandle$Holder.invokeStaticInit(java.lang.Object, int, int)'> (0x00000000c82b0918) 
thrown [s\src\hotspot\share\interpreter\linkResolver.cpp, line 784]
Event: 0.564 Thread 0x000001dfadda98f0 Exception <a 'java/lang/NoSuchMethodError'{0x00000000c82b7cd8}: 'int java.lang.invoke.DirectMethodHandle$Holder.invokeStaticInit(java.lang.Object, long, long)'> (0x00000000c82b7cd8) 
thrown [s\src\hotspot\share\interpreter\linkResolver.cpp, line 784]
Event: 0.566 Thread 0x000001dfadda98f0 Exception <a 'java/lang/NoSuchMethodError'{0x00000000c82be5f0}: 'int java.lang.invoke.DirectMethodHandle$Holder.invokeStaticInit(java.lang.Object, float, float)'> (0x00000000c82be5f0) 
thrown [s\src\hotspot\share\interpreter\linkResolver.cpp, line 784]
Event: 0.567 Thread 0x000001dfadda98f0 Exception <a 'java/lang/NoSuchMethodError'{0x00000000c82c4f00}: 'int java.lang.invoke.DirectMethodHandle$Holder.invokeStaticInit(java.lang.Object, double, double)'> (0x00000000c82c4f00) 
thrown [s\src\hotspot\share\interpreter\linkResolver.cpp, line 784]
Event: 0.567 Thread 0x000001dfadda98f0 Exception <a 'java/lang/NoSuchMethodError'{0x00000000c82c94b0}: 'int java.lang.invoke.DirectMethodHandle$Holder.invokeStatic(java.lang.Object, long)'> (0x00000000c82c94b0) 
thrown [s\src\hotspot\share\interpreter\linkResolver.cpp, line 784]
Event: 0.574 Thread 0x000001dfadda98f0 Exception <a 'java/lang/NoSuchMethodError'{0x00000000c82f5620}: 'java.lang.Object java.lang.invoke.DelegatingMethodHandle$Holder.delegate(java.lang.Object, int, java.lang.Object, java.lang.Object)'> (0x00000000c82f5620) 
thrown [s\src\hotspot\share\interpreter\linkResolver.cpp, line 784]
Event: 0.578 Thread 0x000001dfadda98f0 Exception <a 'java/lang/NoSuchMethodError'{0x00000000c8104bb8}: 'int java.lang.invoke.Invokers$Holder.linkToTargetMethod(java.lang.Object, java.lang.Object, java.lang.Object)'> (0x00000000c8104bb8) 
thrown [s\src\hotspot\share\interpreter\linkResolver.cpp, line 784]
Event: 0.584 Thread 0x000001dfadda98f0 Exception <a 'java/lang/NoSuchMethodError'{0x00000000c8136460}: 'long java.lang.invoke.DirectMethodHandle$Holder.invokeSpecial(java.lang.Object, java.lang.Object)'> (0x00000000c8136460) 
thrown [s\src\hotspot\share\interpreter\linkResolver.cpp, line 784]
Event: 0.585 Thread 0x000001dfadda98f0 Exception <a 'java/lang/NoSuchMethodError'{0x00000000c813cb60}: 'int java.lang.invoke.DirectMethodHandle$Holder.invokeStatic(java.lang.Object, java.lang.Object, java.lang.Object, java.lang.Object)'> (0x00000000c813cb60) 
thrown [s\src\hotspot\share\interpreter\linkResolver.cpp, line 784]

ZGC Phase Switch (0 events):
No events

VM Operations (6 events):
Event: 0.150 Executing VM operation: HandshakeAllThreads (Deoptimize)
Event: 0.150 Executing VM operation: HandshakeAllThreads (Deoptimize) done
Event: 0.162 Executing VM operation: HandshakeAllThreads (Deoptimize)
Event: 0.162 Executing VM operation: HandshakeAllThreads (Deoptimize) done
Event: 0.397 Executing VM operation: HandshakeAllThreads (Deoptimize)
Event: 0.397 Executing VM operation: HandshakeAllThreads (Deoptimize) done

Events (15 events):
Event: 0.024 Thread 0x000001dfadda98f0 Thread added: 0x000001dfadda98f0
Event: 0.081 Thread 0x000001dfc443d980 Thread added: 0x000001dfc443d980
Event: 0.081 Thread 0x000001dfc443ef40 Thread added: 0x000001dfc443ef40
Event: 0.082 Thread 0x000001dfc4711ba0 Thread added: 0x000001dfc4711ba0
Event: 0.082 Thread 0x000001dfc4712600 Thread added: 0x000001dfc4712600
Event: 0.082 Thread 0x000001dfc470b450 Thread added: 0x000001dfc470b450
Event: 0.083 Thread 0x000001dfc470c650 Thread added: 0x000001dfc470c650
Event: 0.083 Thread 0x000001dfc46ec080 Thread added: 0x000001dfc46ec080
Event: 0.083 Thread 0x000001dfc46ec730 Thread added: 0x000001dfc46ec730
Event: 0.119 Thread 0x000001dfc4894610 Thread added: 0x000001dfc4894610
Event: 0.124 Thread 0x000001dfc4898e50 Thread added: 0x000001dfc4898e50
Event: 0.133 Loaded shared library C:\Program Files\JetBrains\IntelliJ IDEA Community Edition 2024.2.1\jbr\bin\net.dll
Event: 0.135 Loaded shared library C:\Program Files\JetBrains\IntelliJ IDEA Community Edition 2024.2.1\jbr\bin\nio.dll
Event: 0.143 Loaded shared library C:\Program Files\JetBrains\IntelliJ IDEA Community Edition 2024.2.1\jbr\bin\zip.dll
Event: 0.228 Loaded shared library C:\Program Files\JetBrains\IntelliJ IDEA Community Edition 2024.2.1\jbr\bin\jimage.dll


Dynamic libraries:
0x00007ff707710000 - 0x00007ff70771a000 	C:\Program Files\JetBrains\IntelliJ IDEA Community Edition 2024.2.1\jbr\bin\java.exe
0x00007ffd08150000 - 0x00007ffd08367000 	C:\WINDOWS\SYSTEM32\ntdll.dll
0x00007ffd07f80000 - 0x00007ffd08044000 	C:\WINDOWS\System32\KERNEL32.DLL
0x00007ffd05610000 - 0x00007ffd059bd000 	C:\WINDOWS\System32\KERNELBASE.dll
0x00007ffd059c0000 - 0x00007ffd05ad1000 	C:\WINDOWS\System32\ucrtbase.dll
0x00007ffcf3100000 - 0x00007ffcf311b000 	C:\Program Files\JetBrains\IntelliJ IDEA Community Edition 2024.2.1\jbr\bin\VCRUNTIME140.dll
0x00007ffce1e00000 - 0x00007ffce1e18000 	C:\Program Files\JetBrains\IntelliJ IDEA Community Edition 2024.2.1\jbr\bin\jli.dll
0x00007ffd06f20000 - 0x00007ffd070ce000 	C:\WINDOWS\System32\USER32.dll
0x00007ffd05e50000 - 0x00007ffd05e76000 	C:\WINDOWS\System32\win32u.dll
0x00007ffd06140000 - 0x00007ffd06169000 	C:\WINDOWS\System32\GDI32.dll
0x00007ffd05c10000 - 0x00007ffd05d29000 	C:\WINDOWS\System32\gdi32full.dll
0x00007ffd05d30000 - 0x00007ffd05dca000 	C:\WINDOWS\System32\msvcp_win.dll
0x00007ffcf3a70000 - 0x00007ffcf3d03000 	C:\WINDOWS\WinSxS\amd64_microsoft.windows.common-controls_6595b64144ccf1df_6.0.22621.3672_none_2713b9d173822955\COMCTL32.dll
0x00007ffd06e70000 - 0x00007ffd06f17000 	C:\WINDOWS\System32\msvcrt.dll
0x00007ffd07aa0000 - 0x00007ffd07ad1000 	C:\WINDOWS\System32\IMM32.DLL
0x00007ffcfced0000 - 0x00007ffcfcedc000 	C:\Program Files\JetBrains\IntelliJ IDEA Community Edition 2024.2.1\jbr\bin\vcruntime140_1.dll
0x00007ffccca00000 - 0x00007ffccca8d000 	C:\Program Files\JetBrains\IntelliJ IDEA Community Edition 2024.2.1\jbr\bin\msvcp140.dll
0x00007ffc630c0000 - 0x00007ffc63e72000 	C:\Program Files\JetBrains\IntelliJ IDEA Community Edition 2024.2.1\jbr\bin\server\jvm.dll
0x00007ffd07150000 - 0x00007ffd07202000 	C:\WINDOWS\System32\ADVAPI32.dll
0x00007ffd06390000 - 0x00007ffd06439000 	C:\WINDOWS\System32\sechost.dll
0x00007ffd055e0000 - 0x00007ffd05608000 	C:\WINDOWS\System32\bcrypt.dll
0x00007ffd07c40000 - 0x00007ffd07d54000 	C:\WINDOWS\System32\RPCRT4.dll
0x00007ffd05e80000 - 0x00007ffd05ef1000 	C:\WINDOWS\System32\WS2_32.dll
0x00007ffd04670000 - 0x00007ffd046bd000 	C:\WINDOWS\SYSTEM32\POWRPROF.dll
0x00007ffcfc550000 - 0x00007ffcfc584000 	C:\WINDOWS\SYSTEM32\WINMM.dll
0x00007ffcfc2e0000 - 0x00007ffcfc2ea000 	C:\WINDOWS\SYSTEM32\VERSION.dll
0x00007ffd04650000 - 0x00007ffd04663000 	C:\WINDOWS\SYSTEM32\UMPDC.dll
0x00007ffd04530000 - 0x00007ffd04548000 	C:\WINDOWS\SYSTEM32\kernel.appcore.dll
0x00007ffcfc3e0000 - 0x00007ffcfc3ea000 	C:\Program Files\JetBrains\IntelliJ IDEA Community Edition 2024.2.1\jbr\bin\jimage.dll
0x00007ffd02b30000 - 0x00007ffd02d62000 	C:\WINDOWS\SYSTEM32\DBGHELP.DLL
0x00007ffd06a70000 - 0x00007ffd06dfe000 	C:\WINDOWS\System32\combase.dll
0x00007ffd05f00000 - 0x00007ffd05fd7000 	C:\WINDOWS\System32\OLEAUT32.dll
0x00007ffcd96d0000 - 0x00007ffcd9702000 	C:\WINDOWS\SYSTEM32\dbgcore.DLL
0x00007ffd05dd0000 - 0x00007ffd05e4b000 	C:\WINDOWS\System32\bcryptPrimitives.dll
0x00007ffceec30000 - 0x00007ffceec4f000 	C:\Program Files\JetBrains\IntelliJ IDEA Community Edition 2024.2.1\jbr\bin\java.dll
0x00007ffceeb90000 - 0x00007ffceeba8000 	C:\Program Files\JetBrains\IntelliJ IDEA Community Edition 2024.2.1\jbr\bin\zip.dll
0x00007ffd07230000 - 0x00007ffd07a97000 	C:\WINDOWS\System32\SHELL32.dll
0x00007ffd033f0000 - 0x00007ffd03cef000 	C:\WINDOWS\SYSTEM32\windows.storage.dll
0x00007ffd032b0000 - 0x00007ffd033ef000 	C:\WINDOWS\SYSTEM32\wintypes.dll
0x00007ffd07e70000 - 0x00007ffd07f69000 	C:\WINDOWS\System32\SHCORE.dll
0x00007ffd06e00000 - 0x00007ffd06e5e000 	C:\WINDOWS\System32\shlwapi.dll
0x00007ffd053a0000 - 0x00007ffd053c7000 	C:\WINDOWS\SYSTEM32\profapi.dll
0x00007ffcfc3c0000 - 0x00007ffcfc3d0000 	C:\Program Files\JetBrains\IntelliJ IDEA Community Edition 2024.2.1\jbr\bin\net.dll
0x00007ffcff5a0000 - 0x00007ffcff6d6000 	C:\WINDOWS\SYSTEM32\WINHTTP.dll
0x00007ffd04a20000 - 0x00007ffd04a89000 	C:\WINDOWS\system32\mswsock.dll
0x00007ffced5a0000 - 0x00007ffced5b6000 	C:\Program Files\JetBrains\IntelliJ IDEA Community Edition 2024.2.1\jbr\bin\nio.dll
0x00007ffd04c70000 - 0x00007ffd04c8b000 	C:\WINDOWS\SYSTEM32\CRYPTSP.dll
0x00007ffd04490000 - 0x00007ffd044c5000 	C:\WINDOWS\system32\rsaenh.dll
0x00007ffd04b10000 - 0x00007ffd04b38000 	C:\WINDOWS\SYSTEM32\USERENV.dll
0x00007ffd04c90000 - 0x00007ffd04c9c000 	C:\WINDOWS\SYSTEM32\CRYPTBASE.dll
0x00007ffd03fe0000 - 0x00007ffd0400d000 	C:\WINDOWS\SYSTEM32\IPHLPAPI.DLL
0x00007ffd06e60000 - 0x00007ffd06e69000 	C:\WINDOWS\System32\NSI.dll

dbghelp: loaded successfully - version: 4.0.5 - missing functions: none
symbol engine: initialized successfully - sym options: 0x614 - pdb path: .;C:\Program Files\JetBrains\IntelliJ IDEA Community Edition 2024.2.1\jbr\bin;C:\WINDOWS\SYSTEM32;C:\WINDOWS\WinSxS\amd64_microsoft.windows.common-controls_6595b64144ccf1df_6.0.22621.3672_none_2713b9d173822955;C:\Program Files\JetBrains\IntelliJ IDEA Community Edition 2024.2.1\jbr\bin\server

VM Arguments:
java_command: git4idea.http.GitAskPassApp Username for 'https://github.com': 
java_class_path (initial): C:/Program Files/JetBrains/IntelliJ IDEA Community Edition 2024.2.1/plugins/vcs-git/lib/git4idea-rt.jar;C:/Program Files/JetBrains/IntelliJ IDEA Community Edition 2024.2.1/lib/externalProcess-rt.jar
Launcher Type: SUN_STANDARD

[Global flags]
     intx CICompilerCount                          = 3                                         {product} {ergonomic}
     uint ConcGCThreads                            = 1                                         {product} {ergonomic}
     uint G1ConcRefinementThreads                  = 4                                         {product} {ergonomic}
   size_t G1HeapRegionSize                         = 1048576                                   {product} {ergonomic}
    uintx GCDrainStackTargetSize                   = 64                                        {product} {ergonomic}
   size_t InitialHeapSize                          = 62914560                                  {product} {ergonomic}
   size_t MarkStackSize                            = 4194304                                   {product} {ergonomic}
   size_t MaxHeapSize                              = 994050048                                 {product} {ergonomic}
   size_t MaxNewSize                               = 595591168                                 {product} {ergonomic}
   size_t MinHeapDeltaBytes                        = 1048576                                   {product} {ergonomic}
   size_t MinHeapSize                              = 8388608                                   {product} {ergonomic}
    uintx NonNMethodCodeHeapSize                   = 5832780                                {pd product} {ergonomic}
    uintx NonProfiledCodeHeapSize                  = 122912730                              {pd product} {ergonomic}
    uintx ProfiledCodeHeapSize                     = 122912730                              {pd product} {ergonomic}
    uintx ReservedCodeCacheSize                    = 251658240                              {pd product} {ergonomic}
     bool SegmentedCodeCache                       = true                                      {product} {ergonomic}
   size_t SoftMaxHeapSize                          = 994050048                              {manageable} {ergonomic}
     bool UseCompressedOops                        = true                           {product lp64_product} {ergonomic}
     bool UseG1GC                                  = true                                      {product} {ergonomic}
     bool UseLargePagesIndividualAllocation        = false                                  {pd product} {ergonomic}

Logging:
Log output configuration:
 #0: stdout all=warning uptime,level,tags foldmultilines=false
 #1: stderr all=off uptime,level,tags foldmultilines=false

Environment Variables:
PATH=C:\Program Files\Git\mingw64\libexec\git-core;C:\Program Files\Git\mingw64\libexec\git-core;C:\Program Files\Git\mingw64\bin;C:\Program Files\Git\usr\bin;C:\Users\beluc\bin;C:\Program Files\Common Files\Oracle\Java\javapath;C:\WINDOWS\system32;C:\WINDOWS;C:\WINDOWS\System32\Wbem;C:\WINDOWS\System32\WindowsPowerShell\v1.0;C:\WINDOWS\System32\OpenSSH;C:\Program Files\nodejs;C:\Program Files\Git\cmd;C:\Users\beluc\AppData\Local\Microsoft\WindowsApps;C:\Users\beluc\AppData\Roaming\npm;C:\Users\beluc\AppData\Local\Programs\Microsoft VS Code\bin;C:\Users\beluc\AppData\Local\GitHubDesktop\bin;C:\Program Files\MySQL\MySQL Server 9.0\bin
USERNAME=beluc
DISPLAY=:0.0
LC_ALL=en_US.UTF-8
TERM=xterm-256color
TMPDIR=C:\Users\beluc\AppData\Local\Temp
OS=Windows_NT
PROCESSOR_IDENTIFIER=Intel64 Family 6 Model 140 Stepping 1, GenuineIntel
TMP=C:\Users\beluc\AppData\Local\Temp
TEMP=C:\Users\beluc\AppData\Local\Temp




Periodic native trim disabled

JNI global refs:
JNI global refs: 17, weak refs: 0

JNI global refs memory usage: 835, weak refs: 201

Process memory usage:
Resident Set Size: 54776K (1% of 3881636K total physical memory with 282264K free physical memory)

OOME stack traces (most recent first):
Classloader memory used:
Loader bootstrap                                                                       : 11692K
Loader jdk.internal.loader.ClassLoaders$PlatformClassLoader                            : 347K
Loader jdk.internal.loader.ClassLoaders$AppClassLoader                                 : 16408B

---------------  S Y S T E M  ---------------

OS:
 Windows 11 , 64 bit Build 22621 (10.0.22621.3958)
OS uptime: 1 days 23:55 hours

CPU: total 4 (initial active 4) (2 cores per cpu, 2 threads per core) family 6 model 140 stepping 1 microcode 0x86, cx8, cmov, fxsr, ht, mmx, 3dnowpref, sse, sse2, sse3, ssse3, sse4.1, sse4.2, popcnt, lzcnt, tsc, tscinvbit, avx, avx2, aes, erms, clmul, bmi1, bmi2, adx, avx512f, avx512dq, avx512cd, avx512bw, avx512vl, sha, fma, vzeroupper, avx512_vpopcntdq, avx512_vpclmulqdq, avx512_vaes, avx512_vnni, clflush, clflushopt, clwb, avx512_vbmi2, avx512_vbmi, rdtscp, rdpid, fsrm, gfni, avx512_bitalg, f16c, pku, cet_ibt, cet_ss, avx512_ifma
Processor Information for processor 0
  Max Mhz: 2995, Current Mhz: 1198, Mhz Limit: 2995
Processor Information for processor 1
  Max Mhz: 2995, Current Mhz: 1198, Mhz Limit: 2995
Processor Information for processor 2
  Max Mhz: 2995, Current Mhz: 2995, Mhz Limit: 2995
Processor Information for processor 3
  Max Mhz: 2995, Current Mhz: 2995, Mhz Limit: 2995

Memory: 4k page, system-wide physical 3790M (275M free)
TotalPageFile size 15566M (AvailPageFile size 1M)
current process WorkingSet (physical memory assigned to process): 53M, peak: 53M
current process commit charge ("private bytes"): 135M, peak: 136M

vm_info: OpenJDK 64-Bit Server VM (21.0.3+13-b509.11) for windows-amd64 JRE (21.0.3+13-b509.11), built on 2024-08-12 by "builduser" with MS VC++ 16.10 / 16.11 (VS2019)

END.
