#
# There is insufficient memory for the Java Runtime Environment to continue.
# Native memory allocation (mmap) failed to map 62914560 bytes for G1 virtual space
# Possible reasons:
#   The system is out of physical RAM or swap space
#   The process is running with CompressedOops enabled, and the Java Heap may be blocking the growth of the native heap
# Possible solutions:
#   Reduce memory load on the system
#   Increase physical memory or swap space
#   Check if swap backing store is full
#   Decrease Java heap size (-Xmx/-Xms)
#   Decrease number of Java threads
#   Decrease Java thread stack sizes (-Xss)
#   Set larger code cache with -XX:ReservedCodeCacheSize=
#   JVM is running with Unscaled Compressed Oops mode in which the Java heap is
#     placed in the first 4GB address space. The Java Heap base address is the
#     maximum limit for the native heap growth. Please use -XX:HeapBaseMinAddress
#     to set the Java Heap base and to place the Java Heap above 4GB virtual address.
# This output file may be truncated or incomplete.
#
#  Out of Memory Error (os_windows.cpp:3548), pid=13920, tid=3580
#
# JRE version:  (17.0.12+8) (build )
# Java VM: Java HotSpot(TM) 64-Bit Server VM (17.0.12+8-LTS-286, mixed mode, sharing, tiered, compressed oops, compressed class ptrs, g1 gc, windows-amd64)
# No core dump will be written. Minidumps are not enabled by default on client versions of Windows
#

---------------  S U M M A R Y ------------

Command Line: -Dnet.bytebuddy.agent.attacher.dump= net.bytebuddy.agent.Attacher com.sun.tools.attach.VirtualMachine 5948 C:\Users\beluc\.m2\repository\net\bytebuddy\byte-buddy-agent\1.14.19\byte-buddy-agent-1.14.19.jar false 

Host: 11th Gen Intel(R) Core(TM) i3-1115G4 @ 3.00GHz, 4 cores, 3G,  Windows 11 , 64 bit Build 22621 (10.0.22621.4391)
Time: Sun Nov 24 20:06:32 2024 Hora estándar de Argentina elapsed time: 0.030494 seconds (0d 0h 0m 0s)

---------------  T H R E A D  ---------------

Current thread (0x0000019f46100a50):  JavaThread "Unknown thread" [_thread_in_vm, id=3580, stack(0x0000007110200000,0x0000007110300000)]

Stack: [0x0000007110200000,0x0000007110300000]
Native frames: (J=compiled Java code, j=interpreted, Vv=VM code, C=native code)
V  [jvm.dll+0x67a04a]
V  [jvm.dll+0x7da4ed]
V  [jvm.dll+0x7dbe33]
V  [jvm.dll+0x7dc4a3]
V  [jvm.dll+0x24508f]
V  [jvm.dll+0x677089]
V  [jvm.dll+0x66bd32]
V  [jvm.dll+0x301fa6]
V  [jvm.dll+0x309546]
V  [jvm.dll+0x359d2e]
V  [jvm.dll+0x359f5f]
V  [jvm.dll+0x2d9078]
V  [jvm.dll+0x2d9fe4]
V  [jvm.dll+0x7aca21]
V  [jvm.dll+0x367591]
V  [jvm.dll+0x78b999]
V  [jvm.dll+0x3ec83f]
V  [jvm.dll+0x3ee471]
C  [jli.dll+0x5297]
C  [ucrtbase.dll+0x29333]
C  [KERNEL32.DLL+0x1259d]
C  [ntdll.dll+0x5af38]


---------------  P R O C E S S  ---------------

Threads class SMR info:
_java_thread_list=0x00007ffb66e57a18, length=0, elements={
}

Java Threads: ( => current thread )

Other Threads:
  0x0000019f46139c00 GCTaskThread "GC Thread#0" [stack: 0x0000007110300000,0x0000007110400000] [id=6196]
  0x0000019f461441f0 ConcurrentGCThread "G1 Main Marker" [stack: 0x0000007110400000,0x0000007110500000] [id=7916]
  0x0000019f461453a0 ConcurrentGCThread "G1 Conc#0" [stack: 0x0000007110500000,0x0000007110600000] [id=13992]

[error occurred during error reporting (printing all threads), id 0xc0000005, EXCEPTION_ACCESS_VIOLATION (0xc0000005) at pc=0x00007ffb66689b67]

VM state: not at safepoint (not fully initialized)

VM Mutex/Monitor currently owned by a thread:  ([mutex/lock_event])
[0x0000019f460fdfb0] Heap_lock - owner thread: 0x0000019f46100a50

Heap address: 0x00000000c4c00000, size: 948 MB, Compressed Oops mode: 32-bit

CDS archive(s) mapped at: [0x0000000000000000-0x0000000000000000-0x0000000000000000), size 0, SharedBaseAddress: 0x0000000800000000, ArchiveRelocationMode: 1.
Narrow klass base: 0x0000000000000000, Narrow klass shift: 0, Narrow klass range: 0x0

GC Precious Log:
<Empty>

Heap:
 garbage-first heap   total 0K, used 0K [0x00000000c4c00000, 0x0000000100000000)
  region size 1024K, 0 young (0K), 0 survivors (0K)

[error occurred during error reporting (printing heap information), id 0xc0000005, EXCEPTION_ACCESS_VIOLATION (0xc0000005) at pc=0x00007ffb66a73859]

GC Heap History (0 events):
No events

Deoptimization events (0 events):
No events

Classes unloaded (0 events):
No events

Classes redefined (0 events):
No events

Internal exceptions (0 events):
No events

VM Operations (0 events):
No events

Events (1 events):
Event: 0.020 Loaded shared library C:\Program Files\Java\jdk-17\bin\java.dll


Dynamic libraries:
0x00007ff7f3cc0000 - 0x00007ff7f3cd0000 	C:\Program Files\Java\jdk-17\bin\java.exe
0x00007ffbb92d0000 - 0x00007ffbb94e7000 	C:\WINDOWS\SYSTEM32\ntdll.dll
0x00007ffbb8870000 - 0x00007ffbb8934000 	C:\WINDOWS\System32\KERNEL32.DLL
0x00007ffbb69b0000 - 0x00007ffbb6d69000 	C:\WINDOWS\System32\KERNELBASE.dll
0x00007ffbb6890000 - 0x00007ffbb69a1000 	C:\WINDOWS\System32\ucrtbase.dll
0x00007ffba3840000 - 0x00007ffba385b000 	C:\Program Files\Java\jdk-17\bin\VCRUNTIME140.dll
0x00007ffba3820000 - 0x00007ffba3839000 	C:\Program Files\Java\jdk-17\bin\jli.dll
0x00007ffbb74c0000 - 0x00007ffbb7572000 	C:\WINDOWS\System32\ADVAPI32.dll
0x00007ffbb6ff0000 - 0x00007ffbb7097000 	C:\WINDOWS\System32\msvcrt.dll
0x00007ffbb8d40000 - 0x00007ffbb8de7000 	C:\WINDOWS\System32\sechost.dll
0x00007ffbb66f0000 - 0x00007ffbb6718000 	C:\WINDOWS\System32\bcrypt.dll
0x00007ffbb8e80000 - 0x00007ffbb8f94000 	C:\WINDOWS\System32\RPCRT4.dll
0x00007ffbb8940000 - 0x00007ffbb8aee000 	C:\WINDOWS\System32\USER32.dll
0x00007ffbb6e90000 - 0x00007ffbb6eb6000 	C:\WINDOWS\System32\win32u.dll
0x00007ffbb9260000 - 0x00007ffbb9289000 	C:\WINDOWS\System32\GDI32.dll
0x00007ffbb6d70000 - 0x00007ffbb6e8b000 	C:\WINDOWS\System32\gdi32full.dll
0x00007ffb9f100000 - 0x00007ffb9f392000 	C:\WINDOWS\WinSxS\amd64_microsoft.windows.common-controls_6595b64144ccf1df_6.0.22621.4391_none_2715d37f73803e96\COMCTL32.dll
0x00007ffbb65d0000 - 0x00007ffbb666a000 	C:\WINDOWS\System32\msvcp_win.dll
0x00007ffbaae80000 - 0x00007ffbaae8a000 	C:\WINDOWS\SYSTEM32\VERSION.dll
0x00007ffbb7710000 - 0x00007ffbb7741000 	C:\WINDOWS\System32\IMM32.DLL
0x00007ffbaf6b0000 - 0x00007ffbaf6bc000 	C:\Program Files\Java\jdk-17\bin\vcruntime140_1.dll
0x00007ffba3790000 - 0x00007ffba381e000 	C:\Program Files\Java\jdk-17\bin\msvcp140.dll
0x00007ffb663a0000 - 0x00007ffb66f80000 	C:\Program Files\Java\jdk-17\bin\server\jvm.dll
0x00007ffbb9240000 - 0x00007ffbb9248000 	C:\WINDOWS\System32\PSAPI.DLL
0x00007ffb482a0000 - 0x00007ffb482a9000 	C:\WINDOWS\SYSTEM32\WSOCK32.dll
0x00007ffbac500000 - 0x00007ffbac534000 	C:\WINDOWS\SYSTEM32\WINMM.dll
0x00007ffbb8b60000 - 0x00007ffbb8bd1000 	C:\WINDOWS\System32\WS2_32.dll
0x00007ffbb5680000 - 0x00007ffbb5698000 	C:\WINDOWS\SYSTEM32\kernel.appcore.dll
0x00007ffbad010000 - 0x00007ffbad01a000 	C:\Program Files\Java\jdk-17\bin\jimage.dll
0x00007ffbb3f20000 - 0x00007ffbb4152000 	C:\WINDOWS\SYSTEM32\DBGHELP.DLL
0x00007ffbb84d0000 - 0x00007ffbb885f000 	C:\WINDOWS\System32\combase.dll
0x00007ffbb7580000 - 0x00007ffbb7657000 	C:\WINDOWS\System32\OLEAUT32.dll
0x00007ffb95330000 - 0x00007ffb95362000 	C:\WINDOWS\SYSTEM32\dbgcore.DLL
0x00007ffbb6670000 - 0x00007ffbb66eb000 	C:\WINDOWS\System32\bcryptPrimitives.dll
0x00007ffba3760000 - 0x00007ffba3785000 	C:\Program Files\Java\jdk-17\bin\java.dll

dbghelp: loaded successfully - version: 4.0.5 - missing functions: none
symbol engine: initialized successfully - sym options: 0x614 - pdb path: .;C:\Program Files\Java\jdk-17\bin;C:\WINDOWS\SYSTEM32;C:\WINDOWS\WinSxS\amd64_microsoft.windows.common-controls_6595b64144ccf1df_6.0.22621.4391_none_2715d37f73803e96;C:\Program Files\Java\jdk-17\bin\server

VM Arguments:
jvm_args: -Dnet.bytebuddy.agent.attacher.dump= 
java_command: net.bytebuddy.agent.Attacher com.sun.tools.attach.VirtualMachine 5948 C:\Users\beluc\.m2\repository\net\bytebuddy\byte-buddy-agent\1.14.19\byte-buddy-agent-1.14.19.jar false 
java_class_path (initial): C:\Users\beluc\.m2\repository\net\bytebuddy\byte-buddy-agent\1.14.19\byte-buddy-agent-1.14.19.jar
Launcher Type: SUN_STANDARD

[Global flags]
     intx CICompilerCount                          = 3                                         {product} {ergonomic}
     uint ConcGCThreads                            = 1                                         {product} {ergonomic}
     uint G1ConcRefinementThreads                  = 4                                         {product} {ergonomic}
   size_t G1HeapRegionSize                         = 1048576                                   {product} {ergonomic}
    uintx GCDrainStackTargetSize                   = 64                                        {product} {ergonomic}
   size_t InitialHeapSize                          = 62914560                                  {product} {ergonomic}
   size_t MarkStackSize                            = 4194304                                   {product} {ergonomic}
   size_t MaxHeapSize                              = 994050048                                 {product} {ergonomic}
   size_t MinHeapDeltaBytes                        = 1048576                                   {product} {ergonomic}
   size_t MinHeapSize                              = 8388608                                   {product} {ergonomic}
    uintx NonNMethodCodeHeapSize                   = 5832780                                {pd product} {ergonomic}
    uintx NonProfiledCodeHeapSize                  = 122912730                              {pd product} {ergonomic}
    uintx ProfiledCodeHeapSize                     = 122912730                              {pd product} {ergonomic}
    uintx ReservedCodeCacheSize                    = 251658240                              {pd product} {ergonomic}
     bool SegmentedCodeCache                       = true                                      {product} {ergonomic}
   size_t SoftMaxHeapSize                          = 994050048                              {manageable} {ergonomic}
     bool UseCompressedClassPointers               = true                           {product lp64_product} {ergonomic}
     bool UseCompressedOops                        = true                           {product lp64_product} {ergonomic}
     bool UseG1GC                                  = true                                      {product} {ergonomic}
     bool UseLargePagesIndividualAllocation        = false                                  {pd product} {ergonomic}

Logging:
Log output configuration:
 #0: stdout all=warning uptime,level,tags
 #1: stderr all=off uptime,level,tags

Environment Variables:
JAVA_HOME=C:\Program Files\Java\jdk-17
PATH=C:\Program Files\Common Files\Oracle\Java\javapath;C:\WINDOWS\system32;C:\WINDOWS;C:\WINDOWS\System32\Wbem;C:\WINDOWS\System32\WindowsPowerShell\v1.0\;C:\WINDOWS\System32\OpenSSH\;C:\Program Files\nodejs\;C:\Program Files\Git\cmd;C:\apache-maven\apache-maven-3.9.9-bin\apache-maven-3.9.9\bin;C:\Program Files\Java\jdk-17\bin;C:\Users\beluc\AppData\Local\Microsoft\WindowsApps;C:\Users\beluc\AppData\Roaming\npm;C:\Users\beluc\AppData\Local\Programs\Microsoft VS Code\bin;C:\Users\beluc\AppData\Local\GitHubDesktop\bin;C:\Program Files\MySQL\MySQL Server 9.0\bin;
USERNAME=beluc
OS=Windows_NT
PROCESSOR_IDENTIFIER=Intel64 Family 6 Model 140 Stepping 1, GenuineIntel



---------------  S Y S T E M  ---------------

OS:
 Windows 11 , 64 bit Build 22621 (10.0.22621.4391)
OS uptime: 1 days 10:33 hours

CPU: total 4 (initial active 4) (2 cores per cpu, 2 threads per core) family 6 model 140 stepping 1 microcode 0x86, cx8, cmov, fxsr, ht, mmx, 3dnowpref, sse, sse2, sse3, ssse3, sse4.1, sse4.2, popcnt, lzcnt, tsc, tscinvbit, avx, avx2, aes, erms, clmul, bmi1, bmi2, adx, avx512f, avx512dq, avx512cd, avx512bw, avx512vl, sha, fma, vzeroupper, avx512_vpopcntdq, avx512_vpclmulqdq, avx512_vaes, avx512_vnni, clflush, clflushopt, clwb, avx512_vbmi2, avx512_vbmi

Memory: 4k page, system-wide physical 3790M (2M free)
TotalPageFile size 16078M (AvailPageFile size 10M)
current process WorkingSet (physical memory assigned to process): 10M, peak: 10M
current process commit charge ("private bytes"): 51M, peak: 111M

vm_info: Java HotSpot(TM) 64-Bit Server VM (17.0.12+8-LTS-286) for windows-amd64 JRE (17.0.12+8-LTS-286), built on Jun  5 2024 06:46:59 by "mach5one" with MS VC++ 17.6 (VS2022)

END.
